0 verbose cli C:\Program Files\nodejs\node.exe C:\Program Files\nodejs\node_modules\npm\bin\npm-cli.js
1 info using npm@11.11.0
2 info using node@v24.14.1
3 silly config load:file:C:\Program Files\nodejs\node_modules\npm\npmrc
4 silly config load:file:C:\Medicology\Question-Bank\.npmrc
5 silly config load:file:C:\Users\Simco Laptop\.npmrc
6 silly config load:file:C:\Users\Simco Laptop\AppData\Roaming\npm\etc\npmrc
7 verbose title npm rebuild better-sqlite3
8 verbose argv "rebuild" "better-sqlite3"
9 verbose logfile logs-max:10 dir:C:\Medicology\Question-Bank\clean\_logs\2026-05-13T11_11_15_013Z-
10 verbose logfile C:\Medicology\Question-Bank\clean\_logs\2026-05-13T11_11_15_013Z-debug-0.log
11 warn Unknown project config "auto-install-peers". This will stop working in the next major version of npm. See `npm help npmrc` for supported config options.
12 warn Unknown project config "strict-peer-dependencies". This will stop working in the next major version of npm. See `npm help npmrc` for supported config options.
13 silly logfile done cleaning log files
14 silly packumentCache heap:4496293888 maxSize:1124073472 maxEntrySize:562036736
15 http fetch GET 200 https://registry.npmjs.org/npm 1886ms
16 verbose cwd C:\Medicology\Question-Bank
17 verbose os Windows_NT 10.0.19045
18 verbose node v24.14.1
19 verbose npm  v11.11.0
20 notice
20 notice New [33mminor[39m version of npm available! [33m11.11.0[39m -> [34m11.14.1[39m
20 notice Changelog: [34mhttps://github.com/npm/cli/releases/tag/v11.14.1[39m
20 notice To update run: [4mnpm install -g npm@11.14.1[24m
20 notice  { force: true, Symbol(proc-log.meta): true }
21 verbose exit 0
22 info ok
