0 verbose cli C:\Program Files\nodejs\node.exe C:\Program Files\nodejs\node_modules\npm\bin\npm-cli.js
1 info using npm@11.13.0
2 info using node@v24.16.0
3 silly config load:file:C:\Program Files\nodejs\node_modules\npm\npmrc
4 silly config load:file:c:\Medicology\Question-Bank\lib\db\.npmrc
5 silly config load:file:C:\Users\Simco Laptop\.npmrc
6 silly config load:file:C:\Users\Simco Laptop\AppData\Roaming\npm\etc\npmrc
7 verbose title npm ls @types/pg
8 verbose argv "ls" "--json" "--depth" "0" "--" "@types/pg"
9 verbose logfile logs-max:10 dir:c:\Medicology\Question-Bank\lib\db\clean\_logs\2026-06-03T21_47_52_198Z-
10 verbose logfile c:\Medicology\Question-Bank\lib\db\clean\_logs\2026-06-03T21_47_52_198Z-debug-0.log
11 silly logfile done cleaning log files
12 silly packumentCache heap:4496293888 maxSize:1124073472 maxEntrySize:562036736
13 http fetch GET 200 https://registry.npmjs.org/npm 2836ms
14 verbose cwd c:\Medicology\Question-Bank\lib\db
15 verbose os Windows_NT 10.0.19045
16 verbose node v24.16.0
17 verbose npm  v11.13.0
18 notice
18 notice New minor version of npm available! 11.13.0 -> 11.16.0
18 notice Changelog: https://github.com/npm/cli/releases/tag/v11.16.0
18 notice To update run: npm install -g npm@11.16.0
18 notice  { force: true, Symbol(proc-log.meta): true }
19 verbose exit 0
20 info ok
