0 verbose cli C:\Program Files\nodejs\node.exe C:\Program Files\nodejs\node_modules\npm\bin\npm-cli.js
1 info using npm@11.11.0
2 info using node@v24.14.1
3 silly config load:file:C:\Program Files\nodejs\node_modules\npm\npmrc
4 silly config load:file:C:\Medicology\Question-Bank\artifacts\api-server\.npmrc
5 silly config load:file:C:\Users\Simco Laptop\.npmrc
6 silly config load:file:C:\Users\Simco Laptop\AppData\Roaming\npm\etc\npmrc
7 verbose title npm start
8 verbose argv "start"
9 verbose logfile logs-max:10 dir:C:\Medicology\Question-Bank\artifacts\api-server\clean\_logs\2026-05-14T18_58_54_132Z-
10 verbose logfile C:\Medicology\Question-Bank\artifacts\api-server\clean\_logs\2026-05-14T18_58_54_132Z-debug-0.log
11 silly logfile done cleaning log files
12 http fetch GET 200 https://registry.npmjs.org/npm 3359ms
13 verbose cwd C:\Medicology\Question-Bank\artifacts\api-server
14 verbose os Windows_NT 10.0.19045
15 verbose node v24.14.1
16 verbose npm  v11.11.0
17 notice
17 notice New [33mminor[39m version of npm available! [33m11.11.0[39m -> [34m11.14.1[39m
17 notice Changelog: [34mhttps://github.com/npm/cli/releases/tag/v11.14.1[39m
17 notice To update run: [4mnpm install -g npm@11.14.1[24m
17 notice  { force: true, Symbol(proc-log.meta): true }
18 verbose exit 1
19 verbose code 1
